<?xml version="1.0" encoding="UTF-8"?>
<testsuite name="MeldMovesFinderTest" tests="1" skipped="0" failures="0" errors="0" timestamp="2021-10-15T21:38:01" hostname="Jamess-MBP" time="0.047">
  <properties/>
  <testcase name="shouldMeldToExisting" classname="MeldMovesFinderTest" time="0.047"/>
  <system-out><![CDATA[]]></system-out>
  <system-err><![CDATA[]]></system-err>
</testsuite>
