<?xml version="1.0" encoding="UTF-8"?>
<testsuite name="MeldValidatorTest" tests="1" skipped="0" failures="0" errors="0" timestamp="2021-09-01T08:21:09" hostname="Jamess-MBP" time="0.032">
  <properties/>
  <testcase name="shouldNotBeAbleToMeldTwoIdenticalCardsInStraight" classname="MeldValidatorTest" time="0.032"/>
  <system-out><![CDATA[]]></system-out>
  <system-err><![CDATA[]]></system-err>
</testsuite>
