<?xml version="1.0" encoding="UTF-8"?>
<testsuite name="MeldMovesFinderTest" tests="2" skipped="0" failures="0" errors="0" timestamp="2021-10-17T08:22:30" hostname="Jamess-MBP" time="0.071">
  <properties/>
  <testcase name="shouldMeldNew" classname="MeldMovesFinderTest" time="0.06"/>
  <testcase name="shouldMeldToExisting" classname="MeldMovesFinderTest" time="0.01"/>
  <system-out><![CDATA[]]></system-out>
  <system-err><![CDATA[]]></system-err>
</testsuite>
